<?xml version="1.0" encoding="UTF-8"?>
<!-- Generated by org.testng.reporters.JUnitReportReporter -->
<testsuite hostname="LAPTOP-H7LSMR7L" failures="0" tests="1" name="com.automationexercise.test.VerifyPrDisplayedInCartWithExactQuantity" time="33.446" errors="0" timestamp="2024-02-22T14:06:35 IST" skipped="0">
  <testcase classname="com.automationexercise.test.VerifyPrDisplayedInCartWithExactQuantity" name="PlaceOrderRegWhileCheckout" time="33.446"/>
  <system-out/>
</testsuite> <!-- com.automationexercise.test.VerifyPrDisplayedInCartWithExactQuantity -->
