<?xml version="1.0" encoding="UTF-8"?>
<!-- Generated by org.testng.reporters.JUnitReportReporter -->
<testsuite hostname="LAPTOP-H7LSMR7L" failures="0" tests="1" name="com.automationexercise.test.SignUpTest" time="21.316" errors="0" timestamp="2024-02-22T13:52:05 IST" skipped="0">
  <testcase classname="com.automationexercise.test.SignUpTest" name="SignUp" time="21.316"/>
  <system-out/>
</testsuite> <!-- com.automationexercise.test.SignUpTest -->
