<?xml version="1.0" encoding="UTF-8"?>
<!-- Generated by org.testng.reporters.JUnitReportReporter -->
<testsuite hostname="LAPTOP-H7LSMR7L" failures="0" tests="1" name="com.automationexercise.test.VerifyAddDetailsInCheckOutPage" time="27.571" errors="0" timestamp="2024-02-22T13:56:19 IST" skipped="0">
  <testcase classname="com.automationexercise.test.VerifyAddDetailsInCheckOutPage" name="VerifyAddDetIncheckOutPage" time="27.571"/>
  <system-out/>
</testsuite> <!-- com.automationexercise.test.VerifyAddDetailsInCheckOutPage -->
