<?xml version="1.0" encoding="UTF-8"?>
<!-- Generated by org.testng.reporters.JUnitReportReporter -->
<testsuite hostname="LAPTOP-H7LSMR7L" failures="0" tests="1" name="com.automationexercise.test.AToCFromRecommendedItems" time="7.197" errors="0" timestamp="2024-02-22T13:39:28 IST" skipped="0">
  <testcase classname="com.automationexercise.test.AToCFromRecommendedItems" name="AToCFrRecItems" time="7.197"/>
  <system-out/>
</testsuite> <!-- com.automationexercise.test.AToCFromRecommendedItems -->
