<?xml version="1.0" encoding="UTF-8"?>
<!-- Generated by org.testng.reporters.JUnitReportReporter -->
<testsuite hostname="LAPTOP-H7LSMR7L" failures="0" tests="2" name="com.automationexercise.test.ProductDetails" time="54.124" errors="0" timestamp="2024-02-22T13:44:51 IST" skipped="0">
  <testcase classname="com.automationexercise.test.ProductDetails" name="ProdDetails" time="37.419"/>
  <system-out/>
  <testcase classname="com.automationexercise.test.ProductDetails" name="searchProduct" time="16.705"/>
  <system-out/>
</testsuite> <!-- com.automationexercise.test.ProductDetails -->
