<?xml version="1.0" encoding="UTF-8"?>
<!-- Generated by org.testng.reporters.JUnitReportReporter -->
<testsuite hostname="LAPTOP-H7LSMR7L" failures="0" tests="1" name="com.automationexercise.test.LoginTest" time="22.883" errors="0" timestamp="2024-03-14T23:45:40 IST" skipped="0">
  <testcase classname="com.automationexercise.test.LoginTest" name="IvLogin" time="22.883"/>
  <system-out/>
</testsuite> <!-- com.automationexercise.test.LoginTest -->
