<?xml version="1.0" encoding="UTF-8"?>
<!-- Generated by org.testng.reporters.JUnitReportReporter -->
<testsuite hostname="LAPTOP-H7LSMR7L" failures="0" tests="1" name="com.automationexercise.test.LoginTest" time="15.766" errors="0" timestamp="2024-02-26T15:07:37 IST" skipped="0">
  <testcase classname="com.automationexercise.test.LoginTest" name="IvLogin" time="15.766"/>
  <system-out/>
</testsuite> <!-- com.automationexercise.test.LoginTest -->
