<?xml version="1.0" encoding="UTF-8"?>
<!-- Generated by org.testng.reporters.JUnitReportReporter -->
<testsuite hostname="LAPTOP-H7LSMR7L" failures="0" tests="1" name="com.automationexercise.test.VerifySubscriptionText" time="10.688" errors="0" timestamp="2024-02-16T23:01:58 IST" skipped="0">
  <testcase classname="com.automationexercise.test.VerifySubscriptionText" name="VerifySubscriptionT" time="10.688"/>
  <system-out/>
</testsuite> <!-- com.automationexercise.test.VerifySubscriptionText -->
