<?xml version="1.0" encoding="UTF-8"?>
<!-- Generated by org.testng.reporters.JUnitReportReporter -->
<testsuite hostname="LAPTOP-H7LSMR7L" failures="0" tests="2" name="com.automationexercise.test.scrollActions" time="34.773" errors="0" timestamp="2024-02-22T13:45:31 IST" skipped="0">
  <testcase classname="com.automationexercise.test.scrollActions" name="VerifyscrollUPWithoutArrow" time="21.729"/>
  <system-out/>
  <testcase classname="com.automationexercise.test.scrollActions" name="VerifyScrollUpUsingArrow" time="13.044"/>
  <system-out/>
</testsuite> <!-- com.automationexercise.test.scrollActions -->
