<?xml version="1.0" encoding="UTF-8"?>
<!-- Generated by org.testng.reporters.JUnitReportReporter -->
<testsuite hostname="LAPTOP-H7LSMR7L" failures="0" tests="1" name="com.automationexercise.test.DownloadInvoiceAfterPurchase" time="18.761" errors="0" timestamp="2024-02-22T13:40:49 IST" skipped="0">
  <testcase classname="com.automationexercise.test.DownloadInvoiceAfterPurchase" name="downloadInvoiceAfterPurchaseOrder" time="18.761"/>
  <system-out/>
</testsuite> <!-- com.automationexercise.test.DownloadInvoiceAfterPurchase -->
