<?xml version="1.0" encoding="UTF-8"?>
<!-- Generated by org.testng.reporters.JUnitReportReporter -->
<testsuite hostname="LAPTOP-H7LSMR7L" failures="0" tests="1" name="com.automationexercise.test.scrollUp" time="0.313" errors="0" timestamp="2024-02-22T12:54:08 IST" skipped="0">
  <testcase classname="com.automationexercise.test.scrollUp" name="scrollUP" time="0.313"/>
  <system-out/>
</testsuite> <!-- com.automationexercise.test.scrollUp -->
