<?xml version="1.0" encoding="UTF-8"?>
<!-- Generated by org.testng.reporters.JUnitReportReporter -->
<testsuite hostname="LAPTOP-H7LSMR7L" failures="0" tests="1" name="com.automationexercise.test.DownloadInvoiceAfterPurchase" time="56.017" errors="0" timestamp="2024-03-21T22:55:17 IST" skipped="0">
  <testcase classname="com.automationexercise.test.DownloadInvoiceAfterPurchase" name="downloadInvoiceAfterPurchaseOrder" time="56.017"/>
  <system-out/>
</testsuite> <!-- com.automationexercise.test.DownloadInvoiceAfterPurchase -->
