<?xml version="1.0" encoding="UTF-8"?>
<!-- Generated by org.testng.reporters.JUnitReportReporter -->
<testsuite hostname="LAPTOP-H7LSMR7L" failures="0" tests="1" name="com.automationexercise.test.SearchProductAndVerifyCartAfterLogin" time="55.437" errors="0" timestamp="2024-02-22T13:46:32 IST" skipped="0">
  <testcase classname="com.automationexercise.test.SearchProductAndVerifyCartAfterLogin" name="SearchProdAndVerifyCartAftrLogin" time="55.437"/>
  <system-out/>
</testsuite> <!-- com.automationexercise.test.SearchProductAndVerifyCartAfterLogin -->
