<?xml version="1.0" encoding="UTF-8"?>
<!-- Generated by org.testng.reporters.JUnitReportReporter -->
<testsuite hostname="LAPTOP-H7LSMR7L" failures="0" tests="1" name="com.automationexercise.test.AddProductInCartTest" time="6.082" errors="0" timestamp="2024-02-22T13:37:00 IST" skipped="0">
  <testcase classname="com.automationexercise.test.AddProductInCartTest" name="addProductInCart" time="6.082"/>
  <system-out/>
</testsuite> <!-- com.automationexercise.test.AddProductInCartTest -->
