<?xml version="1.0" encoding="UTF-8"?>
<!-- Generated by org.testng.reporters.JUnitReportReporter -->
<testsuite hostname="LAPTOP-H7LSMR7L" failures="0" tests="1" name="com.automationexercise.test.TestCaesTest" time="12.806" errors="0" timestamp="2024-02-22T13:53:08 IST" skipped="0">
  <testcase classname="com.automationexercise.test.TestCaesTest" name="VerifyTCsPage" time="12.806"/>
  <system-out/>
</testsuite> <!-- com.automationexercise.test.TestCaesTest -->
