<?xml version="1.0" encoding="UTF-8"?>
<!-- Generated by org.testng.reporters.JUnitReportReporter -->
<testsuite hostname="LAPTOP-H7LSMR7L" failures="0" tests="2" name="com.automationexercise.test.LoginTest" time="51.680" errors="0" timestamp="2024-02-22T13:42:59 IST" skipped="0">
  <testcase classname="com.automationexercise.test.LoginTest" name="VLogin" time="39.675"/>
  <system-out/>
  <testcase classname="com.automationexercise.test.LoginTest" name="IvLogin" time="12.005"/>
  <system-out/>
</testsuite> <!-- com.automationexercise.test.LoginTest -->
