<?xml version="1.0" encoding="UTF-8"?>
<!-- Generated by org.testng.reporters.JUnitReportReporter -->
<testsuite hostname="LAPTOP-H7LSMR7L" failures="0" tests="1" name="com.automationexercise.test.AddReviewOnProduct" time="5.552" errors="0" timestamp="2024-02-22T13:38:59 IST" skipped="0">
  <testcase classname="com.automationexercise.test.AddReviewOnProduct" name="AddReview" time="5.552"/>
  <system-out/>
</testsuite> <!-- com.automationexercise.test.AddReviewOnProduct -->
