<?xml version="1.0" encoding="UTF-8"?>
<!-- Generated by org.testng.reporters.JUnitReportReporter -->
<testsuite hostname="LAPTOP-H7LSMR7L" failures="0" tests="1" name="com.automationexercise.test.VerifySubInCartPage" time="27.525" errors="0" timestamp="2024-02-17T00:15:25 IST" skipped="0">
  <testcase classname="com.automationexercise.test.VerifySubInCartPage" name="VeriySubscriptionInCartPage" time="27.525"/>
  <system-out/>
</testsuite> <!-- com.automationexercise.test.VerifySubInCartPage -->
